INFO - 2023-11-17 01:06:17 --> Session: Class initialized using 'CodeIgniter\Session\Handlers\FileHandler' driver.
CRITICAL - 2023-11-17 01:06:17 --> Cannot access offset of type string on string
in APPPATH\Views\usuario\inicio.php on line 305.
 1 SYSTEMPATH\View\View.php(226): include()
 2 SYSTEMPATH\View\View.php(229): CodeIgniter\View\View->CodeIgniter\View\{closure}()
 3 SYSTEMPATH\Common.php(1178): CodeIgniter\View\View->render('usuario/inicio', [], true)
 4 APPPATH\Controllers\Home.php(440): view('usuario/inicio', [...])
 5 SYSTEMPATH\CodeIgniter.php(915): App\Controllers\Home->inicio()
 6 SYSTEMPATH\CodeIgniter.php(492): CodeIgniter\CodeIgniter->runController(Object(App\Controllers\Home))
 7 SYSTEMPATH\CodeIgniter.php(353): CodeIgniter\CodeIgniter->handleRequest(null, Object(Config\Cache), false)
 8 FCPATH\index.php(79): CodeIgniter\CodeIgniter->run()
INFO - 2023-11-17 01:07:46 --> Session: Class initialized using 'CodeIgniter\Session\Handlers\FileHandler' driver.
CRITICAL - 2023-11-17 01:07:46 --> Cannot access offset of type string on string
in APPPATH\Views\usuario\inicio.php on line 304.
 1 SYSTEMPATH\View\View.php(226): include()
 2 SYSTEMPATH\View\View.php(229): CodeIgniter\View\View->CodeIgniter\View\{closure}()
 3 SYSTEMPATH\Common.php(1178): CodeIgniter\View\View->render('usuario/inicio', [], true)
 4 APPPATH\Controllers\Home.php(440): view('usuario/inicio', [...])
 5 SYSTEMPATH\CodeIgniter.php(915): App\Controllers\Home->inicio()
 6 SYSTEMPATH\CodeIgniter.php(492): CodeIgniter\CodeIgniter->runController(Object(App\Controllers\Home))
 7 SYSTEMPATH\CodeIgniter.php(353): CodeIgniter\CodeIgniter->handleRequest(null, Object(Config\Cache), false)
 8 FCPATH\index.php(79): CodeIgniter\CodeIgniter->run()
INFO - 2023-11-17 01:08:10 --> Session: Class initialized using 'CodeIgniter\Session\Handlers\FileHandler' driver.
INFO - 2023-11-17 14:02:51 --> Session: Class initialized using 'CodeIgniter\Session\Handlers\FileHandler' driver.
INFO - 2023-11-17 14:02:51 --> Session: Class initialized using 'CodeIgniter\Session\Handlers\FileHandler' driver.
INFO - 2023-11-17 14:04:43 --> Session: Class initialized using 'CodeIgniter\Session\Handlers\FileHandler' driver.
INFO - 2023-11-17 14:08:48 --> Session: Class initialized using 'CodeIgniter\Session\Handlers\FileHandler' driver.
INFO - 2023-11-17 14:08:48 --> Session: Class initialized using 'CodeIgniter\Session\Handlers\FileHandler' driver.
INFO - 2023-11-17 14:09:20 --> Session: Class initialized using 'CodeIgniter\Session\Handlers\FileHandler' driver.
INFO - 2023-11-17 14:09:27 --> Session: Class initialized using 'CodeIgniter\Session\Handlers\FileHandler' driver.
INFO - 2023-11-17 14:09:29 --> Session: Class initialized using 'CodeIgniter\Session\Handlers\FileHandler' driver.
INFO - 2023-11-17 14:09:30 --> Session: Class initialized using 'CodeIgniter\Session\Handlers\FileHandler' driver.
INFO - 2023-11-17 14:50:31 --> Session: Class initialized using 'CodeIgniter\Session\Handlers\FileHandler' driver.
INFO - 2023-11-17 14:50:33 --> Session: Class initialized using 'CodeIgniter\Session\Handlers\FileHandler' driver.
INFO - 2023-11-17 14:50:50 --> Session: Class initialized using 'CodeIgniter\Session\Handlers\FileHandler' driver.
INFO - 2023-11-17 14:50:52 --> Session: Class initialized using 'CodeIgniter\Session\Handlers\FileHandler' driver.
INFO - 2023-11-17 14:52:51 --> Session: Class initialized using 'CodeIgniter\Session\Handlers\FileHandler' driver.
INFO - 2023-11-17 14:52:55 --> Session: Class initialized using 'CodeIgniter\Session\Handlers\FileHandler' driver.
INFO - 2023-11-17 14:53:02 --> Session: Class initialized using 'CodeIgniter\Session\Handlers\FileHandler' driver.
INFO - 2023-11-17 14:54:35 --> Session: Class initialized using 'CodeIgniter\Session\Handlers\FileHandler' driver.
INFO - 2023-11-17 15:28:02 --> Session: Class initialized using 'CodeIgniter\Session\Handlers\FileHandler' driver.
INFO - 2023-11-17 15:30:51 --> Session: Class initialized using 'CodeIgniter\Session\Handlers\FileHandler' driver.
INFO - 2023-11-17 15:30:55 --> Session: Class initialized using 'CodeIgniter\Session\Handlers\FileHandler' driver.
INFO - 2023-11-17 15:32:51 --> Session: Class initialized using 'CodeIgniter\Session\Handlers\FileHandler' driver.
INFO - 2023-11-17 15:37:18 --> Session: Class initialized using 'CodeIgniter\Session\Handlers\FileHandler' driver.
INFO - 2023-11-17 15:40:58 --> Session: Class initialized using 'CodeIgniter\Session\Handlers\FileHandler' driver.
INFO - 2023-11-17 15:41:02 --> Session: Class initialized using 'CodeIgniter\Session\Handlers\FileHandler' driver.
CRITICAL - 2023-11-17 15:41:02 --> Undefined variable $contacto
in APPPATH\Views\Panel\soportes.php on line 108.
 1 APPPATH\Views\Panel\soportes.php(108): CodeIgniter\Debug\Exceptions->errorHandler(2, 'Undefined variable $contacto', 'C:\\xampp\\htdocs\\distribuidora\\app\\Views\\Panel\\soportes.php', 108)
 2 SYSTEMPATH\View\View.php(226): include('C:\\xampp\\htdocs\\distribuidora\\app\\Views\\Panel\\soportes.php')
 3 SYSTEMPATH\View\View.php(229): CodeIgniter\View\View->CodeIgniter\View\{closure}()
 4 SYSTEMPATH\Common.php(1178): CodeIgniter\View\View->render('panel/soportes', [], true)
 5 APPPATH\Controllers\Home.php(519): view('panel/soportes', [...])
 6 SYSTEMPATH\CodeIgniter.php(915): App\Controllers\Home->soporte()
 7 SYSTEMPATH\CodeIgniter.php(492): CodeIgniter\CodeIgniter->runController(Object(App\Controllers\Home))
 8 SYSTEMPATH\CodeIgniter.php(353): CodeIgniter\CodeIgniter->handleRequest(null, Object(Config\Cache), false)
 9 FCPATH\index.php(79): CodeIgniter\CodeIgniter->run()
INFO - 2023-11-17 15:44:57 --> Session: Class initialized using 'CodeIgniter\Session\Handlers\FileHandler' driver.
CRITICAL - 2023-11-17 15:44:57 --> Undefined array key "correo"
in APPPATH\Views\Panel\soportes.php on line 112.
 1 APPPATH\Views\Panel\soportes.php(112): CodeIgniter\Debug\Exceptions->errorHandler(2, 'Undefined array key "correo"', 'C:\\xampp\\htdocs\\distribuidora\\app\\Views\\Panel\\soportes.php', 112)
 2 SYSTEMPATH\View\View.php(226): include('C:\\xampp\\htdocs\\distribuidora\\app\\Views\\Panel\\soportes.php')
 3 SYSTEMPATH\View\View.php(229): CodeIgniter\View\View->CodeIgniter\View\{closure}()
 4 SYSTEMPATH\Common.php(1178): CodeIgniter\View\View->render('panel/soportes', [], true)
 5 APPPATH\Controllers\Home.php(519): view('panel/soportes', [...])
 6 SYSTEMPATH\CodeIgniter.php(915): App\Controllers\Home->soporte()
 7 SYSTEMPATH\CodeIgniter.php(492): CodeIgniter\CodeIgniter->runController(Object(App\Controllers\Home))
 8 SYSTEMPATH\CodeIgniter.php(353): CodeIgniter\CodeIgniter->handleRequest(null, Object(Config\Cache), false)
 9 FCPATH\index.php(79): CodeIgniter\CodeIgniter->run()
INFO - 2023-11-17 15:45:17 --> Session: Class initialized using 'CodeIgniter\Session\Handlers\FileHandler' driver.
CRITICAL - 2023-11-17 15:45:17 --> Undefined variable $producto
in APPPATH\Views\Panel\soportes.php on line 117.
 1 APPPATH\Views\Panel\soportes.php(117): CodeIgniter\Debug\Exceptions->errorHandler(2, 'Undefined variable $producto', 'C:\\xampp\\htdocs\\distribuidora\\app\\Views\\Panel\\soportes.php', 117)
 2 SYSTEMPATH\View\View.php(226): include('C:\\xampp\\htdocs\\distribuidora\\app\\Views\\Panel\\soportes.php')
 3 SYSTEMPATH\View\View.php(229): CodeIgniter\View\View->CodeIgniter\View\{closure}()
 4 SYSTEMPATH\Common.php(1178): CodeIgniter\View\View->render('panel/soportes', [], true)
 5 APPPATH\Controllers\Home.php(519): view('panel/soportes', [...])
 6 SYSTEMPATH\CodeIgniter.php(915): App\Controllers\Home->soporte()
 7 SYSTEMPATH\CodeIgniter.php(492): CodeIgniter\CodeIgniter->runController(Object(App\Controllers\Home))
 8 SYSTEMPATH\CodeIgniter.php(353): CodeIgniter\CodeIgniter->handleRequest(null, Object(Config\Cache), false)
 9 FCPATH\index.php(79): CodeIgniter\CodeIgniter->run()
INFO - 2023-11-17 15:45:45 --> Session: Class initialized using 'CodeIgniter\Session\Handlers\FileHandler' driver.
INFO - 2023-11-17 15:46:01 --> Session: Class initialized using 'CodeIgniter\Session\Handlers\FileHandler' driver.
INFO - 2023-11-17 15:46:03 --> Session: Class initialized using 'CodeIgniter\Session\Handlers\FileHandler' driver.
INFO - 2023-11-17 15:46:24 --> Session: Class initialized using 'CodeIgniter\Session\Handlers\FileHandler' driver.
INFO - 2023-11-17 15:46:27 --> Session: Class initialized using 'CodeIgniter\Session\Handlers\FileHandler' driver.
INFO - 2023-11-17 15:46:29 --> Session: Class initialized using 'CodeIgniter\Session\Handlers\FileHandler' driver.
INFO - 2023-11-17 15:46:34 --> Session: Class initialized using 'CodeIgniter\Session\Handlers\FileHandler' driver.
INFO - 2023-11-17 15:46:36 --> Session: Class initialized using 'CodeIgniter\Session\Handlers\FileHandler' driver.
INFO - 2023-11-17 15:49:12 --> Session: Class initialized using 'CodeIgniter\Session\Handlers\FileHandler' driver.
INFO - 2023-11-17 15:49:14 --> Session: Class initialized using 'CodeIgniter\Session\Handlers\FileHandler' driver.
CRITICAL - 2023-11-17 15:49:14 --> Undefined variable $contactos
in APPPATH\Views\Panel\soportes.php on line 108.
 1 APPPATH\Views\Panel\soportes.php(108): CodeIgniter\Debug\Exceptions->errorHandler(2, 'Undefined variable $contactos', 'C:\\xampp\\htdocs\\distribuidora\\app\\Views\\Panel\\soportes.php', 108)
 2 SYSTEMPATH\View\View.php(226): include('C:\\xampp\\htdocs\\distribuidora\\app\\Views\\Panel\\soportes.php')
 3 SYSTEMPATH\View\View.php(229): CodeIgniter\View\View->CodeIgniter\View\{closure}()
 4 SYSTEMPATH\Common.php(1178): CodeIgniter\View\View->render('panel/soportes', [], true)
 5 APPPATH\Controllers\Home.php(529): view('panel/soportes', [...])
 6 SYSTEMPATH\CodeIgniter.php(915): App\Controllers\Home->usuario()
 7 SYSTEMPATH\CodeIgniter.php(492): CodeIgniter\CodeIgniter->runController(Object(App\Controllers\Home))
 8 SYSTEMPATH\CodeIgniter.php(353): CodeIgniter\CodeIgniter->handleRequest(null, Object(Config\Cache), false)
 9 FCPATH\index.php(79): CodeIgniter\CodeIgniter->run()
INFO - 2023-11-17 15:50:49 --> Session: Class initialized using 'CodeIgniter\Session\Handlers\FileHandler' driver.
CRITICAL - 2023-11-17 15:50:49 --> Undefined variable $contactos
in APPPATH\Views\Panel\soportes.php on line 108.
 1 APPPATH\Views\Panel\soportes.php(108): CodeIgniter\Debug\Exceptions->errorHandler(2, 'Undefined variable $contactos', 'C:\\xampp\\htdocs\\distribuidora\\app\\Views\\Panel\\soportes.php', 108)
 2 SYSTEMPATH\View\View.php(226): include('C:\\xampp\\htdocs\\distribuidora\\app\\Views\\Panel\\soportes.php')
 3 SYSTEMPATH\View\View.php(229): CodeIgniter\View\View->CodeIgniter\View\{closure}()
 4 SYSTEMPATH\Common.php(1178): CodeIgniter\View\View->render('panel/soportes', [], true)
 5 APPPATH\Controllers\Home.php(529): view('panel/soportes', [...])
 6 SYSTEMPATH\CodeIgniter.php(915): App\Controllers\Home->usuario()
 7 SYSTEMPATH\CodeIgniter.php(492): CodeIgniter\CodeIgniter->runController(Object(App\Controllers\Home))
 8 SYSTEMPATH\CodeIgniter.php(353): CodeIgniter\CodeIgniter->handleRequest(null, Object(Config\Cache), false)
 9 FCPATH\index.php(79): CodeIgniter\CodeIgniter->run()
INFO - 2023-11-17 15:50:57 --> Session: Class initialized using 'CodeIgniter\Session\Handlers\FileHandler' driver.
CRITICAL - 2023-11-17 15:50:57 --> Undefined variable $contactos
in APPPATH\Views\Panel\soportes.php on line 108.
 1 APPPATH\Views\Panel\soportes.php(108): CodeIgniter\Debug\Exceptions->errorHandler(2, 'Undefined variable $contactos', 'C:\\xampp\\htdocs\\distribuidora\\app\\Views\\Panel\\soportes.php', 108)
 2 SYSTEMPATH\View\View.php(226): include('C:\\xampp\\htdocs\\distribuidora\\app\\Views\\Panel\\soportes.php')
 3 SYSTEMPATH\View\View.php(229): CodeIgniter\View\View->CodeIgniter\View\{closure}()
 4 SYSTEMPATH\Common.php(1178): CodeIgniter\View\View->render('panel/soportes', [], true)
 5 APPPATH\Controllers\Home.php(529): view('panel/soportes', [...])
 6 SYSTEMPATH\CodeIgniter.php(915): App\Controllers\Home->usuario()
 7 SYSTEMPATH\CodeIgniter.php(492): CodeIgniter\CodeIgniter->runController(Object(App\Controllers\Home))
 8 SYSTEMPATH\CodeIgniter.php(353): CodeIgniter\CodeIgniter->handleRequest(null, Object(Config\Cache), false)
 9 FCPATH\index.php(79): CodeIgniter\CodeIgniter->run()
INFO - 2023-11-17 15:52:06 --> Session: Class initialized using 'CodeIgniter\Session\Handlers\FileHandler' driver.
CRITICAL - 2023-11-17 15:52:06 --> Undefined variable $contacto
in APPPATH\Views\Panel\usuario.php on line 108.
 1 APPPATH\Views\Panel\usuario.php(108): CodeIgniter\Debug\Exceptions->errorHandler(2, 'Undefined variable $contacto', 'C:\\xampp\\htdocs\\distribuidora\\app\\Views\\Panel\\usuario.php', 108)
 2 SYSTEMPATH\View\View.php(226): include('C:\\xampp\\htdocs\\distribuidora\\app\\Views\\Panel\\usuario.php')
 3 SYSTEMPATH\View\View.php(229): CodeIgniter\View\View->CodeIgniter\View\{closure}()
 4 SYSTEMPATH\Common.php(1178): CodeIgniter\View\View->render('panel/usuario', [], true)
 5 APPPATH\Controllers\Home.php(529): view('panel/usuario', [...])
 6 SYSTEMPATH\CodeIgniter.php(915): App\Controllers\Home->usuario()
 7 SYSTEMPATH\CodeIgniter.php(492): CodeIgniter\CodeIgniter->runController(Object(App\Controllers\Home))
 8 SYSTEMPATH\CodeIgniter.php(353): CodeIgniter\CodeIgniter->handleRequest(null, Object(Config\Cache), false)
 9 FCPATH\index.php(79): CodeIgniter\CodeIgniter->run()
INFO - 2023-11-17 15:52:49 --> Session: Class initialized using 'CodeIgniter\Session\Handlers\FileHandler' driver.
CRITICAL - 2023-11-17 15:52:49 --> Undefined variable $contacto
in APPPATH\Views\Panel\usuario.php on line 108.
 1 APPPATH\Views\Panel\usuario.php(108): CodeIgniter\Debug\Exceptions->errorHandler(2, 'Undefined variable $contacto', 'C:\\xampp\\htdocs\\distribuidora\\app\\Views\\Panel\\usuario.php', 108)
 2 SYSTEMPATH\View\View.php(226): include('C:\\xampp\\htdocs\\distribuidora\\app\\Views\\Panel\\usuario.php')
 3 SYSTEMPATH\View\View.php(229): CodeIgniter\View\View->CodeIgniter\View\{closure}()
 4 SYSTEMPATH\Common.php(1178): CodeIgniter\View\View->render('panel/usuario', [], true)
 5 APPPATH\Controllers\Home.php(529): view('panel/usuario', [...])
 6 SYSTEMPATH\CodeIgniter.php(915): App\Controllers\Home->usuario()
 7 SYSTEMPATH\CodeIgniter.php(492): CodeIgniter\CodeIgniter->runController(Object(App\Controllers\Home))
 8 SYSTEMPATH\CodeIgniter.php(353): CodeIgniter\CodeIgniter->handleRequest(null, Object(Config\Cache), false)
 9 FCPATH\index.php(79): CodeIgniter\CodeIgniter->run()
INFO - 2023-11-17 15:52:51 --> Session: Class initialized using 'CodeIgniter\Session\Handlers\FileHandler' driver.
CRITICAL - 2023-11-17 15:52:51 --> Undefined variable $contacto
in APPPATH\Views\Panel\usuario.php on line 108.
 1 APPPATH\Views\Panel\usuario.php(108): CodeIgniter\Debug\Exceptions->errorHandler(2, 'Undefined variable $contacto', 'C:\\xampp\\htdocs\\distribuidora\\app\\Views\\Panel\\usuario.php', 108)
 2 SYSTEMPATH\View\View.php(226): include('C:\\xampp\\htdocs\\distribuidora\\app\\Views\\Panel\\usuario.php')
 3 SYSTEMPATH\View\View.php(229): CodeIgniter\View\View->CodeIgniter\View\{closure}()
 4 SYSTEMPATH\Common.php(1178): CodeIgniter\View\View->render('panel/usuario', [], true)
 5 APPPATH\Controllers\Home.php(529): view('panel/usuario', [...])
 6 SYSTEMPATH\CodeIgniter.php(915): App\Controllers\Home->usuario()
 7 SYSTEMPATH\CodeIgniter.php(492): CodeIgniter\CodeIgniter->runController(Object(App\Controllers\Home))
 8 SYSTEMPATH\CodeIgniter.php(353): CodeIgniter\CodeIgniter->handleRequest(null, Object(Config\Cache), false)
 9 FCPATH\index.php(79): CodeIgniter\CodeIgniter->run()
INFO - 2023-11-17 15:53:12 --> Session: Class initialized using 'CodeIgniter\Session\Handlers\FileHandler' driver.
CRITICAL - 2023-11-17 15:53:12 --> Undefined array key "Correo"
in APPPATH\Views\Panel\usuario.php on line 110.
 1 APPPATH\Views\Panel\usuario.php(110): CodeIgniter\Debug\Exceptions->errorHandler(2, 'Undefined array key "Correo"', 'C:\\xampp\\htdocs\\distribuidora\\app\\Views\\Panel\\usuario.php', 110)
 2 SYSTEMPATH\View\View.php(226): include('C:\\xampp\\htdocs\\distribuidora\\app\\Views\\Panel\\usuario.php')
 3 SYSTEMPATH\View\View.php(229): CodeIgniter\View\View->CodeIgniter\View\{closure}()
 4 SYSTEMPATH\Common.php(1178): CodeIgniter\View\View->render('panel/usuario', [], true)
 5 APPPATH\Controllers\Home.php(529): view('panel/usuario', [...])
 6 SYSTEMPATH\CodeIgniter.php(915): App\Controllers\Home->usuario()
 7 SYSTEMPATH\CodeIgniter.php(492): CodeIgniter\CodeIgniter->runController(Object(App\Controllers\Home))
 8 SYSTEMPATH\CodeIgniter.php(353): CodeIgniter\CodeIgniter->handleRequest(null, Object(Config\Cache), false)
 9 FCPATH\index.php(79): CodeIgniter\CodeIgniter->run()
INFO - 2023-11-17 15:53:21 --> Session: Class initialized using 'CodeIgniter\Session\Handlers\FileHandler' driver.
INFO - 2023-11-17 15:54:13 --> Session: Class initialized using 'CodeIgniter\Session\Handlers\FileHandler' driver.
INFO - 2023-11-17 15:54:16 --> Session: Class initialized using 'CodeIgniter\Session\Handlers\FileHandler' driver.
INFO - 2023-11-17 15:54:20 --> Session: Class initialized using 'CodeIgniter\Session\Handlers\FileHandler' driver.
INFO - 2023-11-17 15:54:21 --> Session: Class initialized using 'CodeIgniter\Session\Handlers\FileHandler' driver.
INFO - 2023-11-17 15:54:23 --> Session: Class initialized using 'CodeIgniter\Session\Handlers\FileHandler' driver.
INFO - 2023-11-17 15:59:53 --> Session: Class initialized using 'CodeIgniter\Session\Handlers\FileHandler' driver.
INFO - 2023-11-17 15:59:55 --> Session: Class initialized using 'CodeIgniter\Session\Handlers\FileHandler' driver.
INFO - 2023-11-17 16:02:06 --> Session: Class initialized using 'CodeIgniter\Session\Handlers\FileHandler' driver.
INFO - 2023-11-17 16:02:10 --> Session: Class initialized using 'CodeIgniter\Session\Handlers\FileHandler' driver.
INFO - 2023-11-17 16:02:14 --> Session: Class initialized using 'CodeIgniter\Session\Handlers\FileHandler' driver.
INFO - 2023-11-17 16:02:16 --> Session: Class initialized using 'CodeIgniter\Session\Handlers\FileHandler' driver.
INFO - 2023-11-17 16:02:18 --> Session: Class initialized using 'CodeIgniter\Session\Handlers\FileHandler' driver.
INFO - 2023-11-17 16:02:20 --> Session: Class initialized using 'CodeIgniter\Session\Handlers\FileHandler' driver.
INFO - 2023-11-17 16:02:22 --> Session: Class initialized using 'CodeIgniter\Session\Handlers\FileHandler' driver.
INFO - 2023-11-17 16:02:24 --> Session: Class initialized using 'CodeIgniter\Session\Handlers\FileHandler' driver.
INFO - 2023-11-17 16:02:30 --> Session: Class initialized using 'CodeIgniter\Session\Handlers\FileHandler' driver.
INFO - 2023-11-17 16:02:32 --> Session: Class initialized using 'CodeIgniter\Session\Handlers\FileHandler' driver.
INFO - 2023-11-17 16:02:35 --> Session: Class initialized using 'CodeIgniter\Session\Handlers\FileHandler' driver.
INFO - 2023-11-17 16:02:37 --> Session: Class initialized using 'CodeIgniter\Session\Handlers\FileHandler' driver.
INFO - 2023-11-17 16:15:15 --> Session: Class initialized using 'CodeIgniter\Session\Handlers\FileHandler' driver.
INFO - 2023-11-17 16:15:19 --> Session: Class initialized using 'CodeIgniter\Session\Handlers\FileHandler' driver.
INFO - 2023-11-17 16:15:21 --> Session: Class initialized using 'CodeIgniter\Session\Handlers\FileHandler' driver.
INFO - 2023-11-17 16:15:23 --> Session: Class initialized using 'CodeIgniter\Session\Handlers\FileHandler' driver.
INFO - 2023-11-17 16:15:24 --> Session: Class initialized using 'CodeIgniter\Session\Handlers\FileHandler' driver.
INFO - 2023-11-17 16:15:26 --> Session: Class initialized using 'CodeIgniter\Session\Handlers\FileHandler' driver.
INFO - 2023-11-17 16:15:27 --> Session: Class initialized using 'CodeIgniter\Session\Handlers\FileHandler' driver.
INFO - 2023-11-17 16:15:30 --> Session: Class initialized using 'CodeIgniter\Session\Handlers\FileHandler' driver.
INFO - 2023-11-17 16:15:32 --> Session: Class initialized using 'CodeIgniter\Session\Handlers\FileHandler' driver.
INFO - 2023-11-17 16:15:33 --> Session: Class initialized using 'CodeIgniter\Session\Handlers\FileHandler' driver.
INFO - 2023-11-17 16:16:08 --> Session: Class initialized using 'CodeIgniter\Session\Handlers\FileHandler' driver.
INFO - 2023-11-17 16:16:08 --> Session: Class initialized using 'CodeIgniter\Session\Handlers\FileHandler' driver.
INFO - 2023-11-17 16:16:15 --> Session: Class initialized using 'CodeIgniter\Session\Handlers\FileHandler' driver.
INFO - 2023-11-17 16:16:15 --> Session: Class initialized using 'CodeIgniter\Session\Handlers\FileHandler' driver.
INFO - 2023-11-17 16:16:21 --> Session: Class initialized using 'CodeIgniter\Session\Handlers\FileHandler' driver.
INFO - 2023-11-17 16:16:44 --> Session: Class initialized using 'CodeIgniter\Session\Handlers\FileHandler' driver.
INFO - 2023-11-17 16:16:45 --> Session: Class initialized using 'CodeIgniter\Session\Handlers\FileHandler' driver.
INFO - 2023-11-17 16:17:19 --> Session: Class initialized using 'CodeIgniter\Session\Handlers\FileHandler' driver.
INFO - 2023-11-17 16:17:19 --> Session: Class initialized using 'CodeIgniter\Session\Handlers\FileHandler' driver.
INFO - 2023-11-17 16:17:34 --> Session: Class initialized using 'CodeIgniter\Session\Handlers\FileHandler' driver.
INFO - 2023-11-17 16:17:34 --> Session: Class initialized using 'CodeIgniter\Session\Handlers\FileHandler' driver.
INFO - 2023-11-17 16:18:48 --> Session: Class initialized using 'CodeIgniter\Session\Handlers\FileHandler' driver.
INFO - 2023-11-17 16:18:49 --> Session: Class initialized using 'CodeIgniter\Session\Handlers\FileHandler' driver.
INFO - 2023-11-17 16:58:00 --> Session: Class initialized using 'CodeIgniter\Session\Handlers\FileHandler' driver.
INFO - 2023-11-17 17:04:25 --> Session: Class initialized using 'CodeIgniter\Session\Handlers\FileHandler' driver.
CRITICAL - 2023-11-17 17:04:25 --> Undefined variable $idProductoInsertado
in APPPATH\Controllers\Home.php on line 873.
 1 APPPATH\Controllers\Home.php(873): CodeIgniter\Debug\Exceptions->errorHandler(2, 'Undefined variable $idProductoInsertado', 'C:\\xampp\\htdocs\\distribuidora\\app\\Controllers\\Home.php', 873)
 2 APPPATH\Controllers\Home.php(963): App\Controllers\Home->construirdatospedido()
 3 SYSTEMPATH\CodeIgniter.php(915): App\Controllers\Home->pedidofinal()
 4 SYSTEMPATH\CodeIgniter.php(492): CodeIgniter\CodeIgniter->runController(Object(App\Controllers\Home))
 5 SYSTEMPATH\CodeIgniter.php(353): CodeIgniter\CodeIgniter->handleRequest(null, Object(Config\Cache), false)
 6 FCPATH\index.php(79): CodeIgniter\CodeIgniter->run()
INFO - 2023-11-17 17:04:56 --> Session: Class initialized using 'CodeIgniter\Session\Handlers\FileHandler' driver.
CRITICAL - 2023-11-17 17:04:56 --> Undefined variable $productoModel
in APPPATH\Controllers\Home.php on line 861.
 1 APPPATH\Controllers\Home.php(861): CodeIgniter\Debug\Exceptions->errorHandler(2, 'Undefined variable $productoModel', 'C:\\xampp\\htdocs\\distribuidora\\app\\Controllers\\Home.php', 861)
 2 APPPATH\Controllers\Home.php(964): App\Controllers\Home->construirdatospedido()
 3 SYSTEMPATH\CodeIgniter.php(915): App\Controllers\Home->pedidofinal()
 4 SYSTEMPATH\CodeIgniter.php(492): CodeIgniter\CodeIgniter->runController(Object(App\Controllers\Home))
 5 SYSTEMPATH\CodeIgniter.php(353): CodeIgniter\CodeIgniter->handleRequest(null, Object(Config\Cache), false)
 6 FCPATH\index.php(79): CodeIgniter\CodeIgniter->run()
INFO - 2023-11-17 17:05:21 --> Session: Class initialized using 'CodeIgniter\Session\Handlers\FileHandler' driver.
INFO - 2023-11-17 17:18:27 --> Session: Class initialized using 'CodeIgniter\Session\Handlers\FileHandler' driver.
INFO - 2023-11-17 17:19:18 --> Session: Class initialized using 'CodeIgniter\Session\Handlers\FileHandler' driver.
INFO - 2023-11-17 17:19:51 --> Session: Class initialized using 'CodeIgniter\Session\Handlers\FileHandler' driver.
INFO - 2023-11-17 17:23:05 --> Session: Class initialized using 'CodeIgniter\Session\Handlers\FileHandler' driver.
INFO - 2023-11-17 17:26:02 --> Session: Class initialized using 'CodeIgniter\Session\Handlers\FileHandler' driver.
CRITICAL - 2023-11-17 17:26:02 --> Undefined array key "producto_id"
in APPPATH\Views\usuario\pedido.php on line 155.
 1 APPPATH\Views\usuario\pedido.php(155): CodeIgniter\Debug\Exceptions->errorHandler(2, 'Undefined array key "producto_id"', 'C:\\xampp\\htdocs\\distribuidora\\app\\Views\\usuario\\pedido.php', 155)
 2 SYSTEMPATH\View\View.php(226): include('C:\\xampp\\htdocs\\distribuidora\\app\\Views\\usuario\\pedido.php')
 3 SYSTEMPATH\View\View.php(229): CodeIgniter\View\View->CodeIgniter\View\{closure}()
 4 SYSTEMPATH\Common.php(1178): CodeIgniter\View\View->render('usuario/pedido', [], true)
 5 APPPATH\Controllers\Home.php(974): view('usuario/pedido', [...])
 6 SYSTEMPATH\CodeIgniter.php(915): App\Controllers\Home->pedidofinal()
 7 SYSTEMPATH\CodeIgniter.php(492): CodeIgniter\CodeIgniter->runController(Object(App\Controllers\Home))
 8 SYSTEMPATH\CodeIgniter.php(353): CodeIgniter\CodeIgniter->handleRequest(null, Object(Config\Cache), false)
 9 FCPATH\index.php(79): CodeIgniter\CodeIgniter->run()
INFO - 2023-11-17 17:27:20 --> Session: Class initialized using 'CodeIgniter\Session\Handlers\FileHandler' driver.
CRITICAL - 2023-11-17 17:27:20 --> Undefined array key "Id"
in APPPATH\Views\usuario\pedido.php on line 155.
 1 APPPATH\Views\usuario\pedido.php(155): CodeIgniter\Debug\Exceptions->errorHandler(2, 'Undefined array key "Id"', 'C:\\xampp\\htdocs\\distribuidora\\app\\Views\\usuario\\pedido.php', 155)
 2 SYSTEMPATH\View\View.php(226): include('C:\\xampp\\htdocs\\distribuidora\\app\\Views\\usuario\\pedido.php')
 3 SYSTEMPATH\View\View.php(229): CodeIgniter\View\View->CodeIgniter\View\{closure}()
 4 SYSTEMPATH\Common.php(1178): CodeIgniter\View\View->render('usuario/pedido', [], true)
 5 APPPATH\Controllers\Home.php(974): view('usuario/pedido', [...])
 6 SYSTEMPATH\CodeIgniter.php(915): App\Controllers\Home->pedidofinal()
 7 SYSTEMPATH\CodeIgniter.php(492): CodeIgniter\CodeIgniter->runController(Object(App\Controllers\Home))
 8 SYSTEMPATH\CodeIgniter.php(353): CodeIgniter\CodeIgniter->handleRequest(null, Object(Config\Cache), false)
 9 FCPATH\index.php(79): CodeIgniter\CodeIgniter->run()
INFO - 2023-11-17 17:27:23 --> Session: Class initialized using 'CodeIgniter\Session\Handlers\FileHandler' driver.
CRITICAL - 2023-11-17 17:27:23 --> Undefined array key "Id"
in APPPATH\Views\usuario\pedido.php on line 155.
 1 APPPATH\Views\usuario\pedido.php(155): CodeIgniter\Debug\Exceptions->errorHandler(2, 'Undefined array key "Id"', 'C:\\xampp\\htdocs\\distribuidora\\app\\Views\\usuario\\pedido.php', 155)
 2 SYSTEMPATH\View\View.php(226): include('C:\\xampp\\htdocs\\distribuidora\\app\\Views\\usuario\\pedido.php')
 3 SYSTEMPATH\View\View.php(229): CodeIgniter\View\View->CodeIgniter\View\{closure}()
 4 SYSTEMPATH\Common.php(1178): CodeIgniter\View\View->render('usuario/pedido', [], true)
 5 APPPATH\Controllers\Home.php(974): view('usuario/pedido', [...])
 6 SYSTEMPATH\CodeIgniter.php(915): App\Controllers\Home->pedidofinal()
 7 SYSTEMPATH\CodeIgniter.php(492): CodeIgniter\CodeIgniter->runController(Object(App\Controllers\Home))
 8 SYSTEMPATH\CodeIgniter.php(353): CodeIgniter\CodeIgniter->handleRequest(null, Object(Config\Cache), false)
 9 FCPATH\index.php(79): CodeIgniter\CodeIgniter->run()
INFO - 2023-11-17 17:29:23 --> Session: Class initialized using 'CodeIgniter\Session\Handlers\FileHandler' driver.
CRITICAL - 2023-11-17 17:29:23 --> Undefined array key "producto_id"
in APPPATH\Views\usuario\pedido.php on line 155.
 1 APPPATH\Views\usuario\pedido.php(155): CodeIgniter\Debug\Exceptions->errorHandler(2, 'Undefined array key "producto_id"', 'C:\\xampp\\htdocs\\distribuidora\\app\\Views\\usuario\\pedido.php', 155)
 2 SYSTEMPATH\View\View.php(226): include('C:\\xampp\\htdocs\\distribuidora\\app\\Views\\usuario\\pedido.php')
 3 SYSTEMPATH\View\View.php(229): CodeIgniter\View\View->CodeIgniter\View\{closure}()
 4 SYSTEMPATH\Common.php(1178): CodeIgniter\View\View->render('usuario/pedido', [], true)
 5 APPPATH\Controllers\Home.php(974): view('usuario/pedido', [...])
 6 SYSTEMPATH\CodeIgniter.php(915): App\Controllers\Home->pedidofinal()
 7 SYSTEMPATH\CodeIgniter.php(492): CodeIgniter\CodeIgniter->runController(Object(App\Controllers\Home))
 8 SYSTEMPATH\CodeIgniter.php(353): CodeIgniter\CodeIgniter->handleRequest(null, Object(Config\Cache), false)
 9 FCPATH\index.php(79): CodeIgniter\CodeIgniter->run()
INFO - 2023-11-17 17:30:12 --> Session: Class initialized using 'CodeIgniter\Session\Handlers\FileHandler' driver.
INFO - 2023-11-17 17:31:58 --> Session: Class initialized using 'CodeIgniter\Session\Handlers\FileHandler' driver.
CRITICAL - 2023-11-17 17:31:58 --> Undefined array key ""
in APPPATH\Controllers\Home.php on line 921.
 1 APPPATH\Controllers\Home.php(921): CodeIgniter\Debug\Exceptions->errorHandler(2, 'Undefined array key ""', 'C:\\xampp\\htdocs\\distribuidora\\app\\Controllers\\Home.php', 921)
 2 APPPATH\Controllers\Home.php(968): App\Controllers\Home->construirdatospedido()
 3 SYSTEMPATH\CodeIgniter.php(915): App\Controllers\Home->pedidofinal()
 4 SYSTEMPATH\CodeIgniter.php(492): CodeIgniter\CodeIgniter->runController(Object(App\Controllers\Home))
 5 SYSTEMPATH\CodeIgniter.php(353): CodeIgniter\CodeIgniter->handleRequest(null, Object(Config\Cache), false)
 6 FCPATH\index.php(79): CodeIgniter\CodeIgniter->run()
INFO - 2023-11-17 17:32:46 --> Session: Class initialized using 'CodeIgniter\Session\Handlers\FileHandler' driver.
CRITICAL - 2023-11-17 17:32:46 --> Undefined array key "idProductoInsertado"
in APPPATH\Controllers\Home.php on line 921.
 1 APPPATH\Controllers\Home.php(921): CodeIgniter\Debug\Exceptions->errorHandler(2, 'Undefined array key "idProductoInsertado"', 'C:\\xampp\\htdocs\\distribuidora\\app\\Controllers\\Home.php', 921)
 2 APPPATH\Controllers\Home.php(968): App\Controllers\Home->construirdatospedido()
 3 SYSTEMPATH\CodeIgniter.php(915): App\Controllers\Home->pedidofinal()
 4 SYSTEMPATH\CodeIgniter.php(492): CodeIgniter\CodeIgniter->runController(Object(App\Controllers\Home))
 5 SYSTEMPATH\CodeIgniter.php(353): CodeIgniter\CodeIgniter->handleRequest(null, Object(Config\Cache), false)
 6 FCPATH\index.php(79): CodeIgniter\CodeIgniter->run()
INFO - 2023-11-17 17:33:32 --> Session: Class initialized using 'CodeIgniter\Session\Handlers\FileHandler' driver.
CRITICAL - 2023-11-17 17:33:32 --> Undefined array key "idProductoInsertado"
in APPPATH\Controllers\Home.php on line 922.
 1 APPPATH\Controllers\Home.php(922): CodeIgniter\Debug\Exceptions->errorHandler(2, 'Undefined array key "idProductoInsertado"', 'C:\\xampp\\htdocs\\distribuidora\\app\\Controllers\\Home.php', 922)
 2 APPPATH\Controllers\Home.php(969): App\Controllers\Home->construirdatospedido()
 3 SYSTEMPATH\CodeIgniter.php(915): App\Controllers\Home->pedidofinal()
 4 SYSTEMPATH\CodeIgniter.php(492): CodeIgniter\CodeIgniter->runController(Object(App\Controllers\Home))
 5 SYSTEMPATH\CodeIgniter.php(353): CodeIgniter\CodeIgniter->handleRequest(null, Object(Config\Cache), false)
 6 FCPATH\index.php(79): CodeIgniter\CodeIgniter->run()
INFO - 2023-11-17 17:33:45 --> Session: Class initialized using 'CodeIgniter\Session\Handlers\FileHandler' driver.
CRITICAL - 2023-11-17 17:33:45 --> Undefined array key "idProductoInsertado"
in APPPATH\Controllers\Home.php on line 921.
 1 APPPATH\Controllers\Home.php(921): CodeIgniter\Debug\Exceptions->errorHandler(2, 'Undefined array key "idProductoInsertado"', 'C:\\xampp\\htdocs\\distribuidora\\app\\Controllers\\Home.php', 921)
 2 APPPATH\Controllers\Home.php(968): App\Controllers\Home->construirdatospedido()
 3 SYSTEMPATH\CodeIgniter.php(915): App\Controllers\Home->pedidofinal()
 4 SYSTEMPATH\CodeIgniter.php(492): CodeIgniter\CodeIgniter->runController(Object(App\Controllers\Home))
 5 SYSTEMPATH\CodeIgniter.php(353): CodeIgniter\CodeIgniter->handleRequest(null, Object(Config\Cache), false)
 6 FCPATH\index.php(79): CodeIgniter\CodeIgniter->run()
INFO - 2023-11-17 17:34:33 --> Session: Class initialized using 'CodeIgniter\Session\Handlers\FileHandler' driver.
INFO - 2023-11-17 17:35:31 --> Session: Class initialized using 'CodeIgniter\Session\Handlers\FileHandler' driver.
CRITICAL - 2023-11-17 17:35:31 --> Undefined array key "producto_id"
in APPPATH\Views\usuario\pedido.php on line 155.
 1 APPPATH\Views\usuario\pedido.php(155): CodeIgniter\Debug\Exceptions->errorHandler(2, 'Undefined array key "producto_id"', 'C:\\xampp\\htdocs\\distribuidora\\app\\Views\\usuario\\pedido.php', 155)
 2 SYSTEMPATH\View\View.php(226): include('C:\\xampp\\htdocs\\distribuidora\\app\\Views\\usuario\\pedido.php')
 3 SYSTEMPATH\View\View.php(229): CodeIgniter\View\View->CodeIgniter\View\{closure}()
 4 SYSTEMPATH\Common.php(1178): CodeIgniter\View\View->render('usuario/pedido', [], true)
 5 APPPATH\Controllers\Home.php(975): view('usuario/pedido', [...])
 6 SYSTEMPATH\CodeIgniter.php(915): App\Controllers\Home->pedidofinal()
 7 SYSTEMPATH\CodeIgniter.php(492): CodeIgniter\CodeIgniter->runController(Object(App\Controllers\Home))
 8 SYSTEMPATH\CodeIgniter.php(353): CodeIgniter\CodeIgniter->handleRequest(null, Object(Config\Cache), false)
 9 FCPATH\index.php(79): CodeIgniter\CodeIgniter->run()
INFO - 2023-11-17 17:35:51 --> Session: Class initialized using 'CodeIgniter\Session\Handlers\FileHandler' driver.
INFO - 2023-11-17 17:40:49 --> Session: Class initialized using 'CodeIgniter\Session\Handlers\FileHandler' driver.
INFO - 2023-11-17 17:45:10 --> Session: Class initialized using 'CodeIgniter\Session\Handlers\FileHandler' driver.
INFO - 2023-11-17 17:46:17 --> Session: Class initialized using 'CodeIgniter\Session\Handlers\FileHandler' driver.
INFO - 2023-11-17 17:53:46 --> Session: Class initialized using 'CodeIgniter\Session\Handlers\FileHandler' driver.
CRITICAL - 2023-11-17 18:06:48 --> syntax error, unexpected token ","
in APPPATH\Controllers\Home.php on line 920.
 1 SYSTEMPATH\Autoloader\Autoloader.php(285): CodeIgniter\Autoloader\Autoloader->includeFile('C:\\xampp\\htdocs\\distribuidora\\app\\Controllers\\Home.php')
 2 SYSTEMPATH\Autoloader\Autoloader.php(263): CodeIgniter\Autoloader\Autoloader->loadInNamespace('App\\Controllers\\Home')
 3 [internal function]: CodeIgniter\Autoloader\Autoloader->loadClass('App\\Controllers\\Home')
 4 SYSTEMPATH\CodeIgniter.php(873): class_exists('\\App\\Controllers\\Home', true)
 5 SYSTEMPATH\CodeIgniter.php(479): CodeIgniter\CodeIgniter->startController()
 6 SYSTEMPATH\CodeIgniter.php(353): CodeIgniter\CodeIgniter->handleRequest(null, Object(Config\Cache), false)
 7 FCPATH\index.php(79): CodeIgniter\CodeIgniter->run()
INFO - 2023-11-17 18:06:59 --> Session: Class initialized using 'CodeIgniter\Session\Handlers\FileHandler' driver.
INFO - 2023-11-17 18:14:35 --> Session: Class initialized using 'CodeIgniter\Session\Handlers\FileHandler' driver.
INFO - 2023-11-17 19:09:42 --> Session: Class initialized using 'CodeIgniter\Session\Handlers\FileHandler' driver.
CRITICAL - 2023-11-17 19:09:42 --> Undefined array key "cantidad"
in APPPATH\Views\usuario\pedido.php on line 166.
 1 APPPATH\Views\usuario\pedido.php(166): CodeIgniter\Debug\Exceptions->errorHandler(2, 'Undefined array key "cantidad"', 'C:\\xampp\\htdocs\\distribuidora\\app\\Views\\usuario\\pedido.php', 166)
 2 SYSTEMPATH\View\View.php(226): include('C:\\xampp\\htdocs\\distribuidora\\app\\Views\\usuario\\pedido.php')
 3 SYSTEMPATH\View\View.php(229): CodeIgniter\View\View->CodeIgniter\View\{closure}()
 4 SYSTEMPATH\Common.php(1178): CodeIgniter\View\View->render('usuario/pedido', [], true)
 5 APPPATH\Controllers\Home.php(966): view('usuario/pedido', [...])
 6 SYSTEMPATH\CodeIgniter.php(915): App\Controllers\Home->pedidofinal()
 7 SYSTEMPATH\CodeIgniter.php(492): CodeIgniter\CodeIgniter->runController(Object(App\Controllers\Home))
 8 SYSTEMPATH\CodeIgniter.php(353): CodeIgniter\CodeIgniter->handleRequest(null, Object(Config\Cache), false)
 9 FCPATH\index.php(79): CodeIgniter\CodeIgniter->run()
INFO - 2023-11-17 19:09:55 --> Session: Class initialized using 'CodeIgniter\Session\Handlers\FileHandler' driver.
CRITICAL - 2023-11-17 19:09:55 --> Undefined array key "cantidad"
in APPPATH\Views\usuario\pedido.php on line 166.
 1 APPPATH\Views\usuario\pedido.php(166): CodeIgniter\Debug\Exceptions->errorHandler(2, 'Undefined array key "cantidad"', 'C:\\xampp\\htdocs\\distribuidora\\app\\Views\\usuario\\pedido.php', 166)
 2 SYSTEMPATH\View\View.php(226): include('C:\\xampp\\htdocs\\distribuidora\\app\\Views\\usuario\\pedido.php')
 3 SYSTEMPATH\View\View.php(229): CodeIgniter\View\View->CodeIgniter\View\{closure}()
 4 SYSTEMPATH\Common.php(1178): CodeIgniter\View\View->render('usuario/pedido', [], true)
 5 APPPATH\Controllers\Home.php(966): view('usuario/pedido', [...])
 6 SYSTEMPATH\CodeIgniter.php(915): App\Controllers\Home->pedidofinal()
 7 SYSTEMPATH\CodeIgniter.php(492): CodeIgniter\CodeIgniter->runController(Object(App\Controllers\Home))
 8 SYSTEMPATH\CodeIgniter.php(353): CodeIgniter\CodeIgniter->handleRequest(null, Object(Config\Cache), false)
 9 FCPATH\index.php(79): CodeIgniter\CodeIgniter->run()
INFO - 2023-11-17 19:13:17 --> Session: Class initialized using 'CodeIgniter\Session\Handlers\FileHandler' driver.
CRITICAL - 2023-11-17 19:13:17 --> Undefined array key "productos"
in APPPATH\Views\usuario\pedido.php on line 147.
 1 APPPATH\Views\usuario\pedido.php(147): CodeIgniter\Debug\Exceptions->errorHandler(2, 'Undefined array key "productos"', 'C:\\xampp\\htdocs\\distribuidora\\app\\Views\\usuario\\pedido.php', 147)
 2 SYSTEMPATH\View\View.php(226): include('C:\\xampp\\htdocs\\distribuidora\\app\\Views\\usuario\\pedido.php')
 3 SYSTEMPATH\View\View.php(229): CodeIgniter\View\View->CodeIgniter\View\{closure}()
 4 SYSTEMPATH\Common.php(1178): CodeIgniter\View\View->render('usuario/pedido', [], true)
 5 APPPATH\Controllers\Home.php(968): view('usuario/pedido', [...])
 6 SYSTEMPATH\CodeIgniter.php(915): App\Controllers\Home->pedidofinal()
 7 SYSTEMPATH\CodeIgniter.php(492): CodeIgniter\CodeIgniter->runController(Object(App\Controllers\Home))
 8 SYSTEMPATH\CodeIgniter.php(353): CodeIgniter\CodeIgniter->handleRequest(null, Object(Config\Cache), false)
 9 FCPATH\index.php(79): CodeIgniter\CodeIgniter->run()
INFO - 2023-11-17 19:15:21 --> Session: Class initialized using 'CodeIgniter\Session\Handlers\FileHandler' driver.
CRITICAL - 2023-11-17 19:15:21 --> Undefined array key "numero_pedido"
in APPPATH\Views\usuario\pedido.php on line 150.
 1 APPPATH\Views\usuario\pedido.php(150): CodeIgniter\Debug\Exceptions->errorHandler(2, 'Undefined array key "numero_pedido"', 'C:\\xampp\\htdocs\\distribuidora\\app\\Views\\usuario\\pedido.php', 150)
 2 SYSTEMPATH\View\View.php(226): include('C:\\xampp\\htdocs\\distribuidora\\app\\Views\\usuario\\pedido.php')
 3 SYSTEMPATH\View\View.php(229): CodeIgniter\View\View->CodeIgniter\View\{closure}()
 4 SYSTEMPATH\Common.php(1178): CodeIgniter\View\View->render('usuario/pedido', [], true)
 5 APPPATH\Controllers\Home.php(968): view('usuario/pedido', [...])
 6 SYSTEMPATH\CodeIgniter.php(915): App\Controllers\Home->pedidofinal()
 7 SYSTEMPATH\CodeIgniter.php(492): CodeIgniter\CodeIgniter->runController(Object(App\Controllers\Home))
 8 SYSTEMPATH\CodeIgniter.php(353): CodeIgniter\CodeIgniter->handleRequest(null, Object(Config\Cache), false)
 9 FCPATH\index.php(79): CodeIgniter\CodeIgniter->run()
INFO - 2023-11-17 19:18:43 --> Session: Class initialized using 'CodeIgniter\Session\Handlers\FileHandler' driver.
CRITICAL - 2023-11-17 19:18:43 --> Undefined array key "id"
in APPPATH\Views\usuario\pedido.php on line 152.
 1 APPPATH\Views\usuario\pedido.php(152): CodeIgniter\Debug\Exceptions->errorHandler(2, 'Undefined array key "id"', 'C:\\xampp\\htdocs\\distribuidora\\app\\Views\\usuario\\pedido.php', 152)
 2 SYSTEMPATH\View\View.php(226): include('C:\\xampp\\htdocs\\distribuidora\\app\\Views\\usuario\\pedido.php')
 3 SYSTEMPATH\View\View.php(229): CodeIgniter\View\View->CodeIgniter\View\{closure}()
 4 SYSTEMPATH\Common.php(1178): CodeIgniter\View\View->render('usuario/pedido', [], true)
 5 APPPATH\Controllers\Home.php(964): view('usuario/pedido', [...])
 6 SYSTEMPATH\CodeIgniter.php(915): App\Controllers\Home->pedidofinal()
 7 SYSTEMPATH\CodeIgniter.php(492): CodeIgniter\CodeIgniter->runController(Object(App\Controllers\Home))
 8 SYSTEMPATH\CodeIgniter.php(353): CodeIgniter\CodeIgniter->handleRequest(null, Object(Config\Cache), false)
 9 FCPATH\index.php(79): CodeIgniter\CodeIgniter->run()
INFO - 2023-11-17 19:18:53 --> Session: Class initialized using 'CodeIgniter\Session\Handlers\FileHandler' driver.
CRITICAL - 2023-11-17 19:18:53 --> Undefined array key "Id"
in APPPATH\Views\usuario\pedido.php on line 152.
 1 APPPATH\Views\usuario\pedido.php(152): CodeIgniter\Debug\Exceptions->errorHandler(2, 'Undefined array key "Id"', 'C:\\xampp\\htdocs\\distribuidora\\app\\Views\\usuario\\pedido.php', 152)
 2 SYSTEMPATH\View\View.php(226): include('C:\\xampp\\htdocs\\distribuidora\\app\\Views\\usuario\\pedido.php')
 3 SYSTEMPATH\View\View.php(229): CodeIgniter\View\View->CodeIgniter\View\{closure}()
 4 SYSTEMPATH\Common.php(1178): CodeIgniter\View\View->render('usuario/pedido', [], true)
 5 APPPATH\Controllers\Home.php(964): view('usuario/pedido', [...])
 6 SYSTEMPATH\CodeIgniter.php(915): App\Controllers\Home->pedidofinal()
 7 SYSTEMPATH\CodeIgniter.php(492): CodeIgniter\CodeIgniter->runController(Object(App\Controllers\Home))
 8 SYSTEMPATH\CodeIgniter.php(353): CodeIgniter\CodeIgniter->handleRequest(null, Object(Config\Cache), false)
 9 FCPATH\index.php(79): CodeIgniter\CodeIgniter->run()
INFO - 2023-11-17 19:18:54 --> Session: Class initialized using 'CodeIgniter\Session\Handlers\FileHandler' driver.
CRITICAL - 2023-11-17 19:18:54 --> Undefined array key "Id"
in APPPATH\Views\usuario\pedido.php on line 152.
 1 APPPATH\Views\usuario\pedido.php(152): CodeIgniter\Debug\Exceptions->errorHandler(2, 'Undefined array key "Id"', 'C:\\xampp\\htdocs\\distribuidora\\app\\Views\\usuario\\pedido.php', 152)
 2 SYSTEMPATH\View\View.php(226): include('C:\\xampp\\htdocs\\distribuidora\\app\\Views\\usuario\\pedido.php')
 3 SYSTEMPATH\View\View.php(229): CodeIgniter\View\View->CodeIgniter\View\{closure}()
 4 SYSTEMPATH\Common.php(1178): CodeIgniter\View\View->render('usuario/pedido', [], true)
 5 APPPATH\Controllers\Home.php(964): view('usuario/pedido', [...])
 6 SYSTEMPATH\CodeIgniter.php(915): App\Controllers\Home->pedidofinal()
 7 SYSTEMPATH\CodeIgniter.php(492): CodeIgniter\CodeIgniter->runController(Object(App\Controllers\Home))
 8 SYSTEMPATH\CodeIgniter.php(353): CodeIgniter\CodeIgniter->handleRequest(null, Object(Config\Cache), false)
 9 FCPATH\index.php(79): CodeIgniter\CodeIgniter->run()
INFO - 2023-11-17 19:18:55 --> Session: Class initialized using 'CodeIgniter\Session\Handlers\FileHandler' driver.
CRITICAL - 2023-11-17 19:18:55 --> Undefined array key "Id"
in APPPATH\Views\usuario\pedido.php on line 152.
 1 APPPATH\Views\usuario\pedido.php(152): CodeIgniter\Debug\Exceptions->errorHandler(2, 'Undefined array key "Id"', 'C:\\xampp\\htdocs\\distribuidora\\app\\Views\\usuario\\pedido.php', 152)
 2 SYSTEMPATH\View\View.php(226): include('C:\\xampp\\htdocs\\distribuidora\\app\\Views\\usuario\\pedido.php')
 3 SYSTEMPATH\View\View.php(229): CodeIgniter\View\View->CodeIgniter\View\{closure}()
 4 SYSTEMPATH\Common.php(1178): CodeIgniter\View\View->render('usuario/pedido', [], true)
 5 APPPATH\Controllers\Home.php(964): view('usuario/pedido', [...])
 6 SYSTEMPATH\CodeIgniter.php(915): App\Controllers\Home->pedidofinal()
 7 SYSTEMPATH\CodeIgniter.php(492): CodeIgniter\CodeIgniter->runController(Object(App\Controllers\Home))
 8 SYSTEMPATH\CodeIgniter.php(353): CodeIgniter\CodeIgniter->handleRequest(null, Object(Config\Cache), false)
 9 FCPATH\index.php(79): CodeIgniter\CodeIgniter->run()
INFO - 2023-11-17 19:20:06 --> Session: Class initialized using 'CodeIgniter\Session\Handlers\FileHandler' driver.
INFO - 2023-11-17 20:24:34 --> Session: Class initialized using 'CodeIgniter\Session\Handlers\FileHandler' driver.
INFO - 2023-11-17 20:38:30 --> Session: Class initialized using 'CodeIgniter\Session\Handlers\FileHandler' driver.
CRITICAL - 2023-11-17 20:38:30 --> Undefined variable $datosproductos
in APPPATH\Controllers\Home.php on line 967.
 1 APPPATH\Controllers\Home.php(967): CodeIgniter\Debug\Exceptions->errorHandler(2, 'Undefined variable $datosproductos', 'C:\\xampp\\htdocs\\distribuidora\\app\\Controllers\\Home.php', 967)
 2 SYSTEMPATH\CodeIgniter.php(915): App\Controllers\Home->pedidofinal()
 3 SYSTEMPATH\CodeIgniter.php(492): CodeIgniter\CodeIgniter->runController(Object(App\Controllers\Home))
 4 SYSTEMPATH\CodeIgniter.php(353): CodeIgniter\CodeIgniter->handleRequest(null, Object(Config\Cache), false)
 5 FCPATH\index.php(79): CodeIgniter\CodeIgniter->run()
INFO - 2023-11-17 20:39:14 --> Session: Class initialized using 'CodeIgniter\Session\Handlers\FileHandler' driver.
INFO - 2023-11-17 20:43:40 --> Session: Class initialized using 'CodeIgniter\Session\Handlers\FileHandler' driver.
INFO - 2023-11-17 21:48:52 --> Session: Class initialized using 'CodeIgniter\Session\Handlers\FileHandler' driver.
ERROR - 2023-11-17 21:48:52 --> Error connecting to the database: mysqli_sql_exception: Access denied for user 'root'@'localhost' (using password: NO) in C:\xampp\htdocs\distribuidora\system\Database\MySQLi\Connection.php:185
Stack trace:
#0 C:\xampp\htdocs\distribuidora\system\Database\MySQLi\Connection.php(185): mysqli->real_connect('localhost', 'root', '', 'registro', 3306, '', 0)
#1 C:\xampp\htdocs\distribuidora\system\Database\BaseConnection.php(391): CodeIgniter\Database\MySQLi\Connection->connect(false)
#2 C:\xampp\htdocs\distribuidora\system\Database\BaseConnection.php(574): CodeIgniter\Database\BaseConnection->initialize()
#3 C:\xampp\htdocs\distribuidora\system\Database\BaseBuilder.php(1616): CodeIgniter\Database\BaseConnection->query('SELECT *\nFROM `...', Array, false)
#4 C:\xampp\htdocs\distribuidora\system\Model.php(237): CodeIgniter\Database\BaseBuilder->get()
#5 C:\xampp\htdocs\distribuidora\system\BaseModel.php(624): CodeIgniter\Model->doFindAll(0, 0)
#6 C:\xampp\htdocs\distribuidora\app\Controllers\Home.php(962): CodeIgniter\BaseModel->findAll()
#7 C:\xampp\htdocs\distribuidora\system\CodeIgniter.php(915): App\Controllers\Home->pedidofinal()
#8 C:\xampp\htdocs\distribuidora\system\CodeIgniter.php(492): CodeIgniter\CodeIgniter->runController(Object(App\Controllers\Home))
#9 C:\xampp\htdocs\distribuidora\system\CodeIgniter.php(353): CodeIgniter\CodeIgniter->handleRequest(NULL, Object(Config\Cache), false)
#10 C:\xampp\htdocs\distribuidora\public\index.php(79): CodeIgniter\CodeIgniter->run()
#11 {main}

Next CodeIgniter\Database\Exceptions\DatabaseException: Access denied for user '****'@'localhost' (using password: NO) in C:\xampp\htdocs\distribuidora\system\Database\MySQLi\Connection.php:229
Stack trace:
#0 C:\xampp\htdocs\distribuidora\system\Database\BaseConnection.php(391): CodeIgniter\Database\MySQLi\Connection->connect(false)
#1 C:\xampp\htdocs\distribuidora\system\Database\BaseConnection.php(574): CodeIgniter\Database\BaseConnection->initialize()
#2 C:\xampp\htdocs\distribuidora\system\Database\BaseBuilder.php(1616): CodeIgniter\Database\BaseConnection->query('SELECT *\nFROM `...', Array, false)
#3 C:\xampp\htdocs\distribuidora\system\Model.php(237): CodeIgniter\Database\BaseBuilder->get()
#4 C:\xampp\htdocs\distribuidora\system\BaseModel.php(624): CodeIgniter\Model->doFindAll(0, 0)
#5 C:\xampp\htdocs\distribuidora\app\Controllers\Home.php(962): CodeIgniter\BaseModel->findAll()
#6 C:\xampp\htdocs\distribuidora\system\CodeIgniter.php(915): App\Controllers\Home->pedidofinal()
#7 C:\xampp\htdocs\distribuidora\system\CodeIgniter.php(492): CodeIgniter\CodeIgniter->runController(Object(App\Controllers\Home))
#8 C:\xampp\htdocs\distribuidora\system\CodeIgniter.php(353): CodeIgniter\CodeIgniter->handleRequest(NULL, Object(Config\Cache), false)
#9 C:\xampp\htdocs\distribuidora\public\index.php(79): CodeIgniter\CodeIgniter->run()
#10 {main}
CRITICAL - 2023-11-17 21:48:52 --> Unable to connect to the database.
Main connection [MySQLi]: Access denied for user '****'@'localhost' (using password: NO)
in SYSTEMPATH\Database\BaseConnection.php on line 427.
 1 SYSTEMPATH\Database\BaseConnection.php(574): CodeIgniter\Database\BaseConnection->initialize()
 2 SYSTEMPATH\Database\BaseBuilder.php(1616): CodeIgniter\Database\BaseConnection->query('SELECT *
FROM `productos`', [], false)
 3 SYSTEMPATH\Model.php(237): CodeIgniter\Database\BaseBuilder->get()
 4 SYSTEMPATH\BaseModel.php(624): CodeIgniter\Model->doFindAll(0, 0)
 5 APPPATH\Controllers\Home.php(962): CodeIgniter\BaseModel->findAll()
 6 SYSTEMPATH\CodeIgniter.php(915): App\Controllers\Home->pedidofinal()
 7 SYSTEMPATH\CodeIgniter.php(492): CodeIgniter\CodeIgniter->runController(Object(App\Controllers\Home))
 8 SYSTEMPATH\CodeIgniter.php(353): CodeIgniter\CodeIgniter->handleRequest(null, Object(Config\Cache), false)
 9 FCPATH\index.php(79): CodeIgniter\CodeIgniter->run()
INFO - 2023-11-17 21:49:30 --> Session: Class initialized using 'CodeIgniter\Session\Handlers\FileHandler' driver.
INFO - 2023-11-17 21:52:24 --> Session: Class initialized using 'CodeIgniter\Session\Handlers\FileHandler' driver.
INFO - 2023-11-17 21:52:42 --> Session: Class initialized using 'CodeIgniter\Session\Handlers\FileHandler' driver.
INFO - 2023-11-17 21:52:48 --> Session: Class initialized using 'CodeIgniter\Session\Handlers\FileHandler' driver.
INFO - 2023-11-17 22:07:25 --> Session: Class initialized using 'CodeIgniter\Session\Handlers\FileHandler' driver.
INFO - 2023-11-17 22:12:10 --> Session: Class initialized using 'CodeIgniter\Session\Handlers\FileHandler' driver.
INFO - 2023-11-17 22:12:12 --> Session: Class initialized using 'CodeIgniter\Session\Handlers\FileHandler' driver.
INFO - 2023-11-17 22:12:14 --> Session: Class initialized using 'CodeIgniter\Session\Handlers\FileHandler' driver.
INFO - 2023-11-17 22:12:36 --> Session: Class initialized using 'CodeIgniter\Session\Handlers\FileHandler' driver.
INFO - 2023-11-17 22:18:23 --> Session: Class initialized using 'CodeIgniter\Session\Handlers\FileHandler' driver.
INFO - 2023-11-17 22:18:26 --> Session: Class initialized using 'CodeIgniter\Session\Handlers\FileHandler' driver.
INFO - 2023-11-17 23:10:58 --> Session: Class initialized using 'CodeIgniter\Session\Handlers\FileHandler' driver.
INFO - 2023-11-17 23:16:04 --> Session: Class initialized using 'CodeIgniter\Session\Handlers\FileHandler' driver.
INFO - 2023-11-17 23:16:06 --> Session: Class initialized using 'CodeIgniter\Session\Handlers\FileHandler' driver.
INFO - 2023-11-17 23:16:22 --> Session: Class initialized using 'CodeIgniter\Session\Handlers\FileHandler' driver.
CRITICAL - 2023-11-17 23:16:22 --> Call to undefined method App\Models\Pedido::construirdatospedido
in SYSTEMPATH\Model.php on line 873.
 1 APPPATH\Controllers\Home.php(945): CodeIgniter\Model->__call('construirdatospedido', [])
 2 SYSTEMPATH\CodeIgniter.php(915): App\Controllers\Home->finalizarCompra()
 3 SYSTEMPATH\CodeIgniter.php(492): CodeIgniter\CodeIgniter->runController(Object(App\Controllers\Home))
 4 SYSTEMPATH\CodeIgniter.php(353): CodeIgniter\CodeIgniter->handleRequest(null, Object(Config\Cache), false)
 5 FCPATH\index.php(79): CodeIgniter\CodeIgniter->run()
INFO - 2023-11-17 23:16:33 --> Session: Class initialized using 'CodeIgniter\Session\Handlers\FileHandler' driver.
INFO - 2023-11-17 23:21:00 --> Session: Class initialized using 'CodeIgniter\Session\Handlers\FileHandler' driver.
INFO - 2023-11-17 23:23:55 --> Session: Class initialized using 'CodeIgniter\Session\Handlers\FileHandler' driver.
CRITICAL - 2023-11-17 23:23:55 --> Undefined variable $productos
in APPPATH\Views\usuario\inicio.php on line 302.
 1 APPPATH\Views\usuario\inicio.php(302): CodeIgniter\Debug\Exceptions->errorHandler(2, 'Undefined variable $productos', 'C:\\xampp\\htdocs\\distribuidora\\app\\Views\\usuario\\inicio.php', 302)
 2 SYSTEMPATH\View\View.php(226): include('C:\\xampp\\htdocs\\distribuidora\\app\\Views\\usuario\\inicio.php')
 3 SYSTEMPATH\View\View.php(229): CodeIgniter\View\View->CodeIgniter\View\{closure}()
 4 SYSTEMPATH\Common.php(1178): CodeIgniter\View\View->render('usuario/inicio', [], true)
 5 APPPATH\Controllers\Home.php(949): view('usuario/inicio')
 6 SYSTEMPATH\CodeIgniter.php(915): App\Controllers\Home->finalizarCompra()
 7 SYSTEMPATH\CodeIgniter.php(492): CodeIgniter\CodeIgniter->runController(Object(App\Controllers\Home))
 8 SYSTEMPATH\CodeIgniter.php(353): CodeIgniter\CodeIgniter->handleRequest(null, Object(Config\Cache), false)
 9 FCPATH\index.php(79): CodeIgniter\CodeIgniter->run()
INFO - 2023-11-17 23:24:20 --> Session: Class initialized using 'CodeIgniter\Session\Handlers\FileHandler' driver.
CRITICAL - 2023-11-17 23:24:20 --> Undefined array key "precio_anterior"
in APPPATH\Views\usuario\inicio.php on line 314.
 1 APPPATH\Views\usuario\inicio.php(314): CodeIgniter\Debug\Exceptions->errorHandler(2, 'Undefined array key "precio_anterior"', 'C:\\xampp\\htdocs\\distribuidora\\app\\Views\\usuario\\inicio.php', 314)
 2 SYSTEMPATH\View\View.php(226): include('C:\\xampp\\htdocs\\distribuidora\\app\\Views\\usuario\\inicio.php')
 3 SYSTEMPATH\View\View.php(229): CodeIgniter\View\View->CodeIgniter\View\{closure}()
 4 SYSTEMPATH\Common.php(1178): CodeIgniter\View\View->render('usuario/inicio', [], true)
 5 APPPATH\Controllers\Home.php(949): view('usuario/inicio', [...])
 6 SYSTEMPATH\CodeIgniter.php(915): App\Controllers\Home->finalizarCompra()
 7 SYSTEMPATH\CodeIgniter.php(492): CodeIgniter\CodeIgniter->runController(Object(App\Controllers\Home))
 8 SYSTEMPATH\CodeIgniter.php(353): CodeIgniter\CodeIgniter->handleRequest(null, Object(Config\Cache), false)
 9 FCPATH\index.php(79): CodeIgniter\CodeIgniter->run()
INFO - 2023-11-17 23:25:01 --> Session: Class initialized using 'CodeIgniter\Session\Handlers\FileHandler' driver.
INFO - 2023-11-17 23:25:01 --> Session: Class initialized using 'CodeIgniter\Session\Handlers\FileHandler' driver.
INFO - 2023-11-17 23:25:08 --> Session: Class initialized using 'CodeIgniter\Session\Handlers\FileHandler' driver.
INFO - 2023-11-17 23:26:54 --> Session: Class initialized using 'CodeIgniter\Session\Handlers\FileHandler' driver.
INFO - 2023-11-17 23:26:59 --> Session: Class initialized using 'CodeIgniter\Session\Handlers\FileHandler' driver.
INFO - 2023-11-17 23:27:04 --> Session: Class initialized using 'CodeIgniter\Session\Handlers\FileHandler' driver.
CRITICAL - 2023-11-17 23:27:04 --> Trying to access array offset on value of type null
in APPPATH\Models\pedido.php on line 81.
 1 APPPATH\Models\pedido.php(81): CodeIgniter\Debug\Exceptions->errorHandler(2, 'Trying to access array offset on value of type null', 'C:\\xampp\\htdocs\\distribuidora\\app\\Models\\pedido.php', 81)
 2 APPPATH\Controllers\Home.php(952): App\Models\Pedido->construirdatospedido()
 3 SYSTEMPATH\CodeIgniter.php(915): App\Controllers\Home->finalizarCompra()
 4 SYSTEMPATH\CodeIgniter.php(492): CodeIgniter\CodeIgniter->runController(Object(App\Controllers\Home))
 5 SYSTEMPATH\CodeIgniter.php(353): CodeIgniter\CodeIgniter->handleRequest(null, Object(Config\Cache), false)
 6 FCPATH\index.php(79): CodeIgniter\CodeIgniter->run()
INFO - 2023-11-17 23:27:59 --> Session: Class initialized using 'CodeIgniter\Session\Handlers\FileHandler' driver.
CRITICAL - 2023-11-17 23:27:59 --> Trying to access array offset on value of type null
in APPPATH\Models\pedido.php on line 81.
 1 APPPATH\Models\pedido.php(81): CodeIgniter\Debug\Exceptions->errorHandler(2, 'Trying to access array offset on value of type null', 'C:\\xampp\\htdocs\\distribuidora\\app\\Models\\pedido.php', 81)
 2 APPPATH\Controllers\Home.php(947): App\Models\Pedido->construirdatospedido()
 3 SYSTEMPATH\CodeIgniter.php(915): App\Controllers\Home->finalizarCompra()
 4 SYSTEMPATH\CodeIgniter.php(492): CodeIgniter\CodeIgniter->runController(Object(App\Controllers\Home))
 5 SYSTEMPATH\CodeIgniter.php(353): CodeIgniter\CodeIgniter->handleRequest(null, Object(Config\Cache), false)
 6 FCPATH\index.php(79): CodeIgniter\CodeIgniter->run()
INFO - 2023-11-17 23:28:01 --> Session: Class initialized using 'CodeIgniter\Session\Handlers\FileHandler' driver.
CRITICAL - 2023-11-17 23:28:01 --> Trying to access array offset on value of type null
in APPPATH\Controllers\Home.php on line 925.
 1 APPPATH\Controllers\Home.php(925): CodeIgniter\Debug\Exceptions->errorHandler(2, 'Trying to access array offset on value of type null', 'C:\\xampp\\htdocs\\distribuidora\\app\\Controllers\\Home.php', 925)
 2 APPPATH\Controllers\Home.php(977): App\Controllers\Home->construirdatospedido()
 3 SYSTEMPATH\CodeIgniter.php(915): App\Controllers\Home->pedidofinal()
 4 SYSTEMPATH\CodeIgniter.php(492): CodeIgniter\CodeIgniter->runController(Object(App\Controllers\Home))
 5 SYSTEMPATH\CodeIgniter.php(353): CodeIgniter\CodeIgniter->handleRequest(null, Object(Config\Cache), false)
 6 FCPATH\index.php(79): CodeIgniter\CodeIgniter->run()
INFO - 2023-11-17 23:28:02 --> Session: Class initialized using 'CodeIgniter\Session\Handlers\FileHandler' driver.
INFO - 2023-11-17 23:28:04 --> Session: Class initialized using 'CodeIgniter\Session\Handlers\FileHandler' driver.
